<?xml version="1.0" encoding="UTF-8"?>
<testng-results ignored="0" total="1" passed="1" failed="0" skipped="0">
  <reporter-output>
  </reporter-output>
  <suite started-at="2023-09-06T00:24:02 IST" name="Surefire suite" finished-at="2023-09-06T00:25:39 IST" duration-ms="96068">
    <groups>
    </groups>
    <test started-at="2023-09-06T00:24:02 IST" name="Surefire test" finished-at="2023-09-06T00:25:39 IST" duration-ms="96068">
      <class name="makemytripporject.basecode">
        <test-method is-config="true" signature="code1()[pri:0, instance:makemytripporject.basecode@1b68b9a4]" started-at="2023-09-06T00:24:02 IST" name="code1" finished-at="2023-09-06T00:24:06 IST" duration-ms="3572" status="PASS">
          <reporter-output>
          </reporter-output>
        </test-method> <!-- code1 -->
        <test-method signature="test1()[pri:0, instance:makemytripporject.basecode@1b68b9a4]" started-at="2023-09-06T00:24:06 IST" name="test1" finished-at="2023-09-06T00:25:38 IST" duration-ms="91695" status="PASS">
          <reporter-output>
          </reporter-output>
        </test-method> <!-- test1 -->
        <test-method is-config="true" signature="at1()[pri:0, instance:makemytripporject.basecode@1b68b9a4]" started-at="2023-09-06T00:25:38 IST" name="at1" finished-at="2023-09-06T00:25:39 IST" duration-ms="758" status="PASS">
          <reporter-output>
          </reporter-output>
        </test-method> <!-- at1 -->
      </class> <!-- makemytripporject.basecode -->
    </test> <!-- Surefire test -->
  </suite> <!-- Surefire suite -->
</testng-results>
